[09-Aug-2019 17:39:22 Asia/Kolkata] Error: Class 'Drupal\devel\EventSubscriber\ErrorHandlerSubscriber' not found in /var/www/html/core/lib/Drupal/Component/DependencyInjection/Container.php on line 269 #0 /var/www/html/core/lib/Drupal/Component/DependencyInjection/Container.php(173): Drupal\Component\DependencyInjection\Container->createService(Array, 'devel.error_sub...')
#1 /var/www/html/core/lib/Drupal/Component/EventDispatcher/ContainerAwareEventDispatcher.php(105): Drupal\Component\DependencyInjection\Container->get('devel.error_sub...')
#2 /var/www/html/vendor/symfony/http-kernel/HttpKernel.php(127): Drupal\Component\EventDispatcher\ContainerAwareEventDispatcher->dispatch('kernel.request', Object(Symfony\Component\HttpKernel\Event\GetResponseEvent))
#3 /var/www/html/vendor/symfony/http-kernel/HttpKernel.php(68): Symfony\Component\HttpKernel\HttpKernel->handleRaw(Object(Symfony\Component\HttpFoundation\Request), 1)
#4 /var/www/html/core/lib/Drupal/Core/StackMiddleware/Session.php(57): Symfony\Component\HttpKernel\HttpKernel->handle(Object(Symfony\Component\HttpFoundation\Request), 1, true)
#5 /var/www/html/core/lib/Drupal/Core/StackMiddleware/KernelPreHandle.php(47): Drupal\Core\StackMiddleware\Session->handle(Object(Symfony\Component\HttpFoundation\Request), 1, true)
#6 /var/www/html/core/modules/page_cache/src/StackMiddleware/PageCache.php(106): Drupal\Core\StackMiddleware\KernelPreHandle->handle(Object(Symfony\Component\HttpFoundation\Request), 1, true)
#7 /var/www/html/core/modules/page_cache/src/StackMiddleware/PageCache.php(85): Drupal\page_cache\StackMiddleware\PageCache->pass(Object(Symfony\Component\HttpFoundation\Request), 1, true)
#8 /var/www/html/core/lib/Drupal/Core/StackMiddleware/ReverseProxyMiddleware.php(47): Drupal\page_cache\StackMiddleware\PageCache->handle(Object(Symfony\Component\HttpFoundation\Request), 1, true)
#9 /var/www/html/core/lib/Drupal/Core/StackMiddleware/NegotiationMiddleware.php(52): Drupal\Core\StackMiddleware\ReverseProxyMiddleware->handle(Object(Symfony\Component\HttpFoundation\Request), 1, true)
#10 /var/www/html/vendor/stack/builder/src/Stack/StackedHttpKernel.php(23): Drupal\Core\StackMiddleware\NegotiationMiddleware->handle(Object(Symfony\Component\HttpFoundation\Request), 1, true)
#11 /var/www/html/core/lib/Drupal/Core/DrupalKernel.php(693): Stack\StackedHttpKernel->handle(Object(Symfony\Component\HttpFoundation\Request), 1, true)
#12 /var/www/html/index.php(19): Drupal\Core\DrupalKernel->handle(Object(Symfony\Component\HttpFoundation\Request))
#13 {main}
[09-Aug-2019 17:48:02 Asia/Kolkata] Error: Class 'Drupal\devel\EventSubscriber\ErrorHandlerSubscriber' not found in /var/www/html/core/lib/Drupal/Component/DependencyInjection/Container.php on line 269 #0 /var/www/html/core/lib/Drupal/Component/DependencyInjection/Container.php(173): Drupal\Component\DependencyInjection\Container->createService(Array, 'devel.error_sub...')
#1 /var/www/html/core/lib/Drupal/Component/EventDispatcher/ContainerAwareEventDispatcher.php(105): Drupal\Component\DependencyInjection\Container->get('devel.error_sub...')
#2 /var/www/html/vendor/symfony/http-kernel/HttpKernel.php(127): Drupal\Component\EventDispatcher\ContainerAwareEventDispatcher->dispatch('kernel.request', Object(Symfony\Component\HttpKernel\Event\GetResponseEvent))
#3 /var/www/html/vendor/symfony/http-kernel/HttpKernel.php(68): Symfony\Component\HttpKernel\HttpKernel->handleRaw(Object(Symfony\Component\HttpFoundation\Request), 1)
#4 /var/www/html/core/lib/Drupal/Core/StackMiddleware/Session.php(57): Symfony\Component\HttpKernel\HttpKernel->handle(Object(Symfony\Component\HttpFoundation\Request), 1, true)
#5 /var/www/html/core/lib/Drupal/Core/StackMiddleware/KernelPreHandle.php(47): Drupal\Core\StackMiddleware\Session->handle(Object(Symfony\Component\HttpFoundation\Request), 1, true)
#6 /var/www/html/core/modules/page_cache/src/StackMiddleware/PageCache.php(106): Drupal\Core\StackMiddleware\KernelPreHandle->handle(Object(Symfony\Component\HttpFoundation\Request), 1, true)
#7 /var/www/html/core/modules/page_cache/src/StackMiddleware/PageCache.php(85): Drupal\page_cache\StackMiddleware\PageCache->pass(Object(Symfony\Component\HttpFoundation\Request), 1, true)
#8 /var/www/html/core/lib/Drupal/Core/StackMiddleware/ReverseProxyMiddleware.php(47): Drupal\page_cache\StackMiddleware\PageCache->handle(Object(Symfony\Component\HttpFoundation\Request), 1, true)
#9 /var/www/html/core/lib/Drupal/Core/StackMiddleware/NegotiationMiddleware.php(52): Drupal\Core\StackMiddleware\ReverseProxyMiddleware->handle(Object(Symfony\Component\HttpFoundation\Request), 1, true)
#10 /var/www/html/vendor/stack/builder/src/Stack/StackedHttpKernel.php(23): Drupal\Core\StackMiddleware\NegotiationMiddleware->handle(Object(Symfony\Component\HttpFoundation\Request), 1, true)
#11 /var/www/html/core/lib/Drupal/Core/DrupalKernel.php(693): Stack\StackedHttpKernel->handle(Object(Symfony\Component\HttpFoundation\Request), 1, true)
#12 /var/www/html/index.php(19): Drupal\Core\DrupalKernel->handle(Object(Symfony\Component\HttpFoundation\Request))
#13 {main}
[09-Aug-2019 17:54:54 Asia/Kolkata] Error: Class 'Drupal\devel\EventSubscriber\ErrorHandlerSubscriber' not found in /var/www/html/core/lib/Drupal/Component/DependencyInjection/Container.php on line 269 #0 /var/www/html/core/lib/Drupal/Component/DependencyInjection/Container.php(173): Drupal\Component\DependencyInjection\Container->createService(Array, 'devel.error_sub...')
#1 /var/www/html/core/lib/Drupal/Component/EventDispatcher/ContainerAwareEventDispatcher.php(105): Drupal\Component\DependencyInjection\Container->get('devel.error_sub...')
#2 /var/www/html/vendor/symfony/http-kernel/HttpKernel.php(127): Drupal\Component\EventDispatcher\ContainerAwareEventDispatcher->dispatch('kernel.request', Object(Symfony\Component\HttpKernel\Event\GetResponseEvent))
#3 /var/www/html/vendor/symfony/http-kernel/HttpKernel.php(68): Symfony\Component\HttpKernel\HttpKernel->handleRaw(Object(Symfony\Component\HttpFoundation\Request), 1)
#4 /var/www/html/core/lib/Drupal/Core/StackMiddleware/Session.php(57): Symfony\Component\HttpKernel\HttpKernel->handle(Object(Symfony\Component\HttpFoundation\Request), 1, true)
#5 /var/www/html/core/lib/Drupal/Core/StackMiddleware/KernelPreHandle.php(47): Drupal\Core\StackMiddleware\Session->handle(Object(Symfony\Component\HttpFoundation\Request), 1, true)
#6 /var/www/html/core/modules/page_cache/src/StackMiddleware/PageCache.php(106): Drupal\Core\StackMiddleware\KernelPreHandle->handle(Object(Symfony\Component\HttpFoundation\Request), 1, true)
#7 /var/www/html/core/modules/page_cache/src/StackMiddleware/PageCache.php(85): Drupal\page_cache\StackMiddleware\PageCache->pass(Object(Symfony\Component\HttpFoundation\Request), 1, true)
#8 /var/www/html/core/lib/Drupal/Core/StackMiddleware/ReverseProxyMiddleware.php(47): Drupal\page_cache\StackMiddleware\PageCache->handle(Object(Symfony\Component\HttpFoundation\Request), 1, true)
#9 /var/www/html/core/lib/Drupal/Core/StackMiddleware/NegotiationMiddleware.php(52): Drupal\Core\StackMiddleware\ReverseProxyMiddleware->handle(Object(Symfony\Component\HttpFoundation\Request), 1, true)
#10 /var/www/html/vendor/stack/builder/src/Stack/StackedHttpKernel.php(23): Drupal\Core\StackMiddleware\NegotiationMiddleware->handle(Object(Symfony\Component\HttpFoundation\Request), 1, true)
#11 /var/www/html/core/lib/Drupal/Core/DrupalKernel.php(693): Stack\StackedHttpKernel->handle(Object(Symfony\Component\HttpFoundation\Request), 1, true)
#12 /var/www/html/index.php(19): Drupal\Core\DrupalKernel->handle(Object(Symfony\Component\HttpFoundation\Request))
#13 {main}
[09-Aug-2019 18:19:19 Asia/Kolkata] Error: Class 'Drupal\devel\EventSubscriber\ErrorHandlerSubscriber' not found in /var/www/html/core/lib/Drupal/Component/DependencyInjection/Container.php on line 269 #0 /var/www/html/core/lib/Drupal/Component/DependencyInjection/Container.php(173): Drupal\Component\DependencyInjection\Container->createService(Array, 'devel.error_sub...')
#1 /var/www/html/core/lib/Drupal/Component/EventDispatcher/ContainerAwareEventDispatcher.php(105): Drupal\Component\DependencyInjection\Container->get('devel.error_sub...')
#2 /var/www/html/vendor/symfony/http-kernel/HttpKernel.php(127): Drupal\Component\EventDispatcher\ContainerAwareEventDispatcher->dispatch('kernel.request', Object(Symfony\Component\HttpKernel\Event\GetResponseEvent))
#3 /var/www/html/vendor/symfony/http-kernel/HttpKernel.php(68): Symfony\Component\HttpKernel\HttpKernel->handleRaw(Object(Symfony\Component\HttpFoundation\Request), 1)
#4 /var/www/html/core/lib/Drupal/Core/StackMiddleware/Session.php(57): Symfony\Component\HttpKernel\HttpKernel->handle(Object(Symfony\Component\HttpFoundation\Request), 1, true)
#5 /var/www/html/core/lib/Drupal/Core/StackMiddleware/KernelPreHandle.php(47): Drupal\Core\StackMiddleware\Session->handle(Object(Symfony\Component\HttpFoundation\Request), 1, true)
#6 /var/www/html/core/modules/page_cache/src/StackMiddleware/PageCache.php(106): Drupal\Core\StackMiddleware\KernelPreHandle->handle(Object(Symfony\Component\HttpFoundation\Request), 1, true)
#7 /var/www/html/core/modules/page_cache/src/StackMiddleware/PageCache.php(85): Drupal\page_cache\StackMiddleware\PageCache->pass(Object(Symfony\Component\HttpFoundation\Request), 1, true)
#8 /var/www/html/core/lib/Drupal/Core/StackMiddleware/ReverseProxyMiddleware.php(47): Drupal\page_cache\StackMiddleware\PageCache->handle(Object(Symfony\Component\HttpFoundation\Request), 1, true)
#9 /var/www/html/core/lib/Drupal/Core/StackMiddleware/NegotiationMiddleware.php(52): Drupal\Core\StackMiddleware\ReverseProxyMiddleware->handle(Object(Symfony\Component\HttpFoundation\Request), 1, true)
#10 /var/www/html/vendor/stack/builder/src/Stack/StackedHttpKernel.php(23): Drupal\Core\StackMiddleware\NegotiationMiddleware->handle(Object(Symfony\Component\HttpFoundation\Request), 1, true)
#11 /var/www/html/core/lib/Drupal/Core/DrupalKernel.php(693): Stack\StackedHttpKernel->handle(Object(Symfony\Component\HttpFoundation\Request), 1, true)
#12 /var/www/html/index.php(19): Drupal\Core\DrupalKernel->handle(Object(Symfony\Component\HttpFoundation\Request))
#13 {main}
[09-Aug-2019 18:19:20 Asia/Kolkata] Error: Class 'Drupal\devel\EventSubscriber\ErrorHandlerSubscriber' not found in /var/www/html/core/lib/Drupal/Component/DependencyInjection/Container.php on line 269 #0 /var/www/html/core/lib/Drupal/Component/DependencyInjection/Container.php(173): Drupal\Component\DependencyInjection\Container->createService(Array, 'devel.error_sub...')
#1 /var/www/html/core/lib/Drupal/Component/EventDispatcher/ContainerAwareEventDispatcher.php(105): Drupal\Component\DependencyInjection\Container->get('devel.error_sub...')
#2 /var/www/html/vendor/symfony/http-kernel/HttpKernel.php(127): Drupal\Component\EventDispatcher\ContainerAwareEventDispatcher->dispatch('kernel.request', Object(Symfony\Component\HttpKernel\Event\GetResponseEvent))
#3 /var/www/html/vendor/symfony/http-kernel/HttpKernel.php(68): Symfony\Component\HttpKernel\HttpKernel->handleRaw(Object(Symfony\Component\HttpFoundation\Request), 1)
#4 /var/www/html/core/lib/Drupal/Core/StackMiddleware/Session.php(57): Symfony\Component\HttpKernel\HttpKernel->handle(Object(Symfony\Component\HttpFoundation\Request), 1, true)
#5 /var/www/html/core/lib/Drupal/Core/StackMiddleware/KernelPreHandle.php(47): Drupal\Core\StackMiddleware\Session->handle(Object(Symfony\Component\HttpFoundation\Request), 1, true)
#6 /var/www/html/core/modules/page_cache/src/StackMiddleware/PageCache.php(106): Drupal\Core\StackMiddleware\KernelPreHandle->handle(Object(Symfony\Component\HttpFoundation\Request), 1, true)
#7 /var/www/html/core/modules/page_cache/src/StackMiddleware/PageCache.php(85): Drupal\page_cache\StackMiddleware\PageCache->pass(Object(Symfony\Component\HttpFoundation\Request), 1, true)
#8 /var/www/html/core/lib/Drupal/Core/StackMiddleware/ReverseProxyMiddleware.php(47): Drupal\page_cache\StackMiddleware\PageCache->handle(Object(Symfony\Component\HttpFoundation\Request), 1, true)
#9 /var/www/html/core/lib/Drupal/Core/StackMiddleware/NegotiationMiddleware.php(52): Drupal\Core\StackMiddleware\ReverseProxyMiddleware->handle(Object(Symfony\Component\HttpFoundation\Request), 1, true)
#10 /var/www/html/vendor/stack/builder/src/Stack/StackedHttpKernel.php(23): Drupal\Core\StackMiddleware\NegotiationMiddleware->handle(Object(Symfony\Component\HttpFoundation\Request), 1, true)
#11 /var/www/html/core/lib/Drupal/Core/DrupalKernel.php(693): Stack\StackedHttpKernel->handle(Object(Symfony\Component\HttpFoundation\Request), 1, true)
#12 /var/www/html/index.php(19): Drupal\Core\DrupalKernel->handle(Object(Symfony\Component\HttpFoundation\Request))
#13 {main}
[09-Aug-2019 18:19:23 Asia/Kolkata] Error: Class 'Drupal\devel\EventSubscriber\ErrorHandlerSubscriber' not found in /var/www/html/core/lib/Drupal/Component/DependencyInjection/Container.php on line 269 #0 /var/www/html/core/lib/Drupal/Component/DependencyInjection/Container.php(173): Drupal\Component\DependencyInjection\Container->createService(Array, 'devel.error_sub...')
#1 /var/www/html/core/lib/Drupal/Component/EventDispatcher/ContainerAwareEventDispatcher.php(105): Drupal\Component\DependencyInjection\Container->get('devel.error_sub...')
#2 /var/www/html/vendor/symfony/http-kernel/HttpKernel.php(127): Drupal\Component\EventDispatcher\ContainerAwareEventDispatcher->dispatch('kernel.request', Object(Symfony\Component\HttpKernel\Event\GetResponseEvent))
#3 /var/www/html/vendor/symfony/http-kernel/HttpKernel.php(68): Symfony\Component\HttpKernel\HttpKernel->handleRaw(Object(Symfony\Component\HttpFoundation\Request), 1)
#4 /var/www/html/core/lib/Drupal/Core/StackMiddleware/Session.php(57): Symfony\Component\HttpKernel\HttpKernel->handle(Object(Symfony\Component\HttpFoundation\Request), 1, true)
#5 /var/www/html/core/lib/Drupal/Core/StackMiddleware/KernelPreHandle.php(47): Drupal\Core\StackMiddleware\Session->handle(Object(Symfony\Component\HttpFoundation\Request), 1, true)
#6 /var/www/html/core/modules/page_cache/src/StackMiddleware/PageCache.php(106): Drupal\Core\StackMiddleware\KernelPreHandle->handle(Object(Symfony\Component\HttpFoundation\Request), 1, true)
#7 /var/www/html/core/modules/page_cache/src/StackMiddleware/PageCache.php(85): Drupal\page_cache\StackMiddleware\PageCache->pass(Object(Symfony\Component\HttpFoundation\Request), 1, true)
#8 /var/www/html/core/lib/Drupal/Core/StackMiddleware/ReverseProxyMiddleware.php(47): Drupal\page_cache\StackMiddleware\PageCache->handle(Object(Symfony\Component\HttpFoundation\Request), 1, true)
#9 /var/www/html/core/lib/Drupal/Core/StackMiddleware/NegotiationMiddleware.php(52): Drupal\Core\StackMiddleware\ReverseProxyMiddleware->handle(Object(Symfony\Component\HttpFoundation\Request), 1, true)
#10 /var/www/html/vendor/stack/builder/src/Stack/StackedHttpKernel.php(23): Drupal\Core\StackMiddleware\NegotiationMiddleware->handle(Object(Symfony\Component\HttpFoundation\Request), 1, true)
#11 /var/www/html/core/lib/Drupal/Core/DrupalKernel.php(693): Stack\StackedHttpKernel->handle(Object(Symfony\Component\HttpFoundation\Request), 1, true)
#12 /var/www/html/index.php(19): Drupal\Core\DrupalKernel->handle(Object(Symfony\Component\HttpFoundation\Request))
#13 {main}
[09-Aug-2019 20:28:09 Asia/Kolkata] Error: Class 'Drupal\devel\EventSubscriber\ErrorHandlerSubscriber' not found in /var/www/html/core/lib/Drupal/Component/DependencyInjection/Container.php on line 269 #0 /var/www/html/core/lib/Drupal/Component/DependencyInjection/Container.php(173): Drupal\Component\DependencyInjection\Container->createService(Array, 'devel.error_sub...')
#1 /var/www/html/core/lib/Drupal/Component/EventDispatcher/ContainerAwareEventDispatcher.php(105): Drupal\Component\DependencyInjection\Container->get('devel.error_sub...')
#2 /var/www/html/vendor/symfony/http-kernel/HttpKernel.php(127): Drupal\Component\EventDispatcher\ContainerAwareEventDispatcher->dispatch('kernel.request', Object(Symfony\Component\HttpKernel\Event\GetResponseEvent))
#3 /var/www/html/vendor/symfony/http-kernel/HttpKernel.php(68): Symfony\Component\HttpKernel\HttpKernel->handleRaw(Object(Symfony\Component\HttpFoundation\Request), 1)
#4 /var/www/html/core/lib/Drupal/Core/StackMiddleware/Session.php(57): Symfony\Component\HttpKernel\HttpKernel->handle(Object(Symfony\Component\HttpFoundation\Request), 1, true)
#5 /var/www/html/core/lib/Drupal/Core/StackMiddleware/KernelPreHandle.php(47): Drupal\Core\StackMiddleware\Session->handle(Object(Symfony\Component\HttpFoundation\Request), 1, true)
#6 /var/www/html/core/modules/page_cache/src/StackMiddleware/PageCache.php(106): Drupal\Core\StackMiddleware\KernelPreHandle->handle(Object(Symfony\Component\HttpFoundation\Request), 1, true)
#7 /var/www/html/core/modules/page_cache/src/StackMiddleware/PageCache.php(85): Drupal\page_cache\StackMiddleware\PageCache->pass(Object(Symfony\Component\HttpFoundation\Request), 1, true)
#8 /var/www/html/core/lib/Drupal/Core/StackMiddleware/ReverseProxyMiddleware.php(47): Drupal\page_cache\StackMiddleware\PageCache->handle(Object(Symfony\Component\HttpFoundation\Request), 1, true)
#9 /var/www/html/core/lib/Drupal/Core/StackMiddleware/NegotiationMiddleware.php(52): Drupal\Core\StackMiddleware\ReverseProxyMiddleware->handle(Object(Symfony\Component\HttpFoundation\Request), 1, true)
#10 /var/www/html/vendor/stack/builder/src/Stack/StackedHttpKernel.php(23): Drupal\Core\StackMiddleware\NegotiationMiddleware->handle(Object(Symfony\Component\HttpFoundation\Request), 1, true)
#11 /var/www/html/core/lib/Drupal/Core/DrupalKernel.php(693): Stack\StackedHttpKernel->handle(Object(Symfony\Component\HttpFoundation\Request), 1, true)
#12 /var/www/html/index.php(19): Drupal\Core\DrupalKernel->handle(Object(Symfony\Component\HttpFoundation\Request))
#13 {main}
[09-Aug-2019 20:29:01 Asia/Kolkata] Error: Class 'Drupal\devel\EventSubscriber\ErrorHandlerSubscriber' not found in /var/www/html/core/lib/Drupal/Component/DependencyInjection/Container.php on line 269 #0 /var/www/html/core/lib/Drupal/Component/DependencyInjection/Container.php(173): Drupal\Component\DependencyInjection\Container->createService(Array, 'devel.error_sub...')
#1 /var/www/html/core/lib/Drupal/Component/EventDispatcher/ContainerAwareEventDispatcher.php(105): Drupal\Component\DependencyInjection\Container->get('devel.error_sub...')
#2 /var/www/html/vendor/symfony/http-kernel/HttpKernel.php(127): Drupal\Component\EventDispatcher\ContainerAwareEventDispatcher->dispatch('kernel.request', Object(Symfony\Component\HttpKernel\Event\GetResponseEvent))
#3 /var/www/html/vendor/symfony/http-kernel/HttpKernel.php(68): Symfony\Component\HttpKernel\HttpKernel->handleRaw(Object(Symfony\Component\HttpFoundation\Request), 1)
#4 /var/www/html/core/lib/Drupal/Core/StackMiddleware/Session.php(57): Symfony\Component\HttpKernel\HttpKernel->handle(Object(Symfony\Component\HttpFoundation\Request), 1, true)
#5 /var/www/html/core/lib/Drupal/Core/StackMiddleware/KernelPreHandle.php(47): Drupal\Core\StackMiddleware\Session->handle(Object(Symfony\Component\HttpFoundation\Request), 1, true)
#6 /var/www/html/core/modules/page_cache/src/StackMiddleware/PageCache.php(106): Drupal\Core\StackMiddleware\KernelPreHandle->handle(Object(Symfony\Component\HttpFoundation\Request), 1, true)
#7 /var/www/html/core/modules/page_cache/src/StackMiddleware/PageCache.php(85): Drupal\page_cache\StackMiddleware\PageCache->pass(Object(Symfony\Component\HttpFoundation\Request), 1, true)
#8 /var/www/html/core/lib/Drupal/Core/StackMiddleware/ReverseProxyMiddleware.php(47): Drupal\page_cache\StackMiddleware\PageCache->handle(Object(Symfony\Component\HttpFoundation\Request), 1, true)
#9 /var/www/html/core/lib/Drupal/Core/StackMiddleware/NegotiationMiddleware.php(52): Drupal\Core\StackMiddleware\ReverseProxyMiddleware->handle(Object(Symfony\Component\HttpFoundation\Request), 1, true)
#10 /var/www/html/vendor/stack/builder/src/Stack/StackedHttpKernel.php(23): Drupal\Core\StackMiddleware\NegotiationMiddleware->handle(Object(Symfony\Component\HttpFoundation\Request), 1, true)
#11 /var/www/html/core/lib/Drupal/Core/DrupalKernel.php(693): Stack\StackedHttpKernel->handle(Object(Symfony\Component\HttpFoundation\Request), 1, true)
#12 /var/www/html/index.php(19): Drupal\Core\DrupalKernel->handle(Object(Symfony\Component\HttpFoundation\Request))
#13 {main}
[09-Aug-2019 21:16:37 Asia/Kolkata] Error: Class 'Drupal\devel\EventSubscriber\ErrorHandlerSubscriber' not found in /var/www/html/core/lib/Drupal/Component/DependencyInjection/Container.php on line 269 #0 /var/www/html/core/lib/Drupal/Component/DependencyInjection/Container.php(173): Drupal\Component\DependencyInjection\Container->createService(Array, 'devel.error_sub...')
#1 /var/www/html/core/lib/Drupal/Component/EventDispatcher/ContainerAwareEventDispatcher.php(105): Drupal\Component\DependencyInjection\Container->get('devel.error_sub...')
#2 /var/www/html/vendor/symfony/http-kernel/HttpKernel.php(127): Drupal\Component\EventDispatcher\ContainerAwareEventDispatcher->dispatch('kernel.request', Object(Symfony\Component\HttpKernel\Event\GetResponseEvent))
#3 /var/www/html/vendor/symfony/http-kernel/HttpKernel.php(68): Symfony\Component\HttpKernel\HttpKernel->handleRaw(Object(Symfony\Component\HttpFoundation\Request), 1)
#4 /var/www/html/core/lib/Drupal/Core/StackMiddleware/Session.php(57): Symfony\Component\HttpKernel\HttpKernel->handle(Object(Symfony\Component\HttpFoundation\Request), 1, true)
#5 /var/www/html/core/lib/Drupal/Core/StackMiddleware/KernelPreHandle.php(47): Drupal\Core\StackMiddleware\Session->handle(Object(Symfony\Component\HttpFoundation\Request), 1, true)
#6 /var/www/html/core/modules/page_cache/src/StackMiddleware/PageCache.php(106): Drupal\Core\StackMiddleware\KernelPreHandle->handle(Object(Symfony\Component\HttpFoundation\Request), 1, true)
#7 /var/www/html/core/modules/page_cache/src/StackMiddleware/PageCache.php(85): Drupal\page_cache\StackMiddleware\PageCache->pass(Object(Symfony\Component\HttpFoundation\Request), 1, true)
#8 /var/www/html/core/lib/Drupal/Core/StackMiddleware/ReverseProxyMiddleware.php(47): Drupal\page_cache\StackMiddleware\PageCache->handle(Object(Symfony\Component\HttpFoundation\Request), 1, true)
#9 /var/www/html/core/lib/Drupal/Core/StackMiddleware/NegotiationMiddleware.php(52): Drupal\Core\StackMiddleware\ReverseProxyMiddleware->handle(Object(Symfony\Component\HttpFoundation\Request), 1, true)
#10 /var/www/html/vendor/stack/builder/src/Stack/StackedHttpKernel.php(23): Drupal\Core\StackMiddleware\NegotiationMiddleware->handle(Object(Symfony\Component\HttpFoundation\Request), 1, true)
#11 /var/www/html/core/lib/Drupal/Core/DrupalKernel.php(693): Stack\StackedHttpKernel->handle(Object(Symfony\Component\HttpFoundation\Request), 1, true)
#12 /var/www/html/index.php(19): Drupal\Core\DrupalKernel->handle(Object(Symfony\Component\HttpFoundation\Request))
#13 {main}
[09-Aug-2019 21:16:41 Asia/Kolkata] Error: Class 'Drupal\devel\EventSubscriber\ErrorHandlerSubscriber' not found in /var/www/html/core/lib/Drupal/Component/DependencyInjection/Container.php on line 269 #0 /var/www/html/core/lib/Drupal/Component/DependencyInjection/Container.php(173): Drupal\Component\DependencyInjection\Container->createService(Array, 'devel.error_sub...')
#1 /var/www/html/core/lib/Drupal/Component/EventDispatcher/ContainerAwareEventDispatcher.php(105): Drupal\Component\DependencyInjection\Container->get('devel.error_sub...')
#2 /var/www/html/vendor/symfony/http-kernel/HttpKernel.php(127): Drupal\Component\EventDispatcher\ContainerAwareEventDispatcher->dispatch('kernel.request', Object(Symfony\Component\HttpKernel\Event\GetResponseEvent))
#3 /var/www/html/vendor/symfony/http-kernel/HttpKernel.php(68): Symfony\Component\HttpKernel\HttpKernel->handleRaw(Object(Symfony\Component\HttpFoundation\Request), 1)
#4 /var/www/html/core/lib/Drupal/Core/StackMiddleware/Session.php(57): Symfony\Component\HttpKernel\HttpKernel->handle(Object(Symfony\Component\HttpFoundation\Request), 1, true)
#5 /var/www/html/core/lib/Drupal/Core/StackMiddleware/KernelPreHandle.php(47): Drupal\Core\StackMiddleware\Session->handle(Object(Symfony\Component\HttpFoundation\Request), 1, true)
#6 /var/www/html/core/modules/page_cache/src/StackMiddleware/PageCache.php(106): Drupal\Core\StackMiddleware\KernelPreHandle->handle(Object(Symfony\Component\HttpFoundation\Request), 1, true)
#7 /var/www/html/core/modules/page_cache/src/StackMiddleware/PageCache.php(85): Drupal\page_cache\StackMiddleware\PageCache->pass(Object(Symfony\Component\HttpFoundation\Request), 1, true)
#8 /var/www/html/core/lib/Drupal/Core/StackMiddleware/ReverseProxyMiddleware.php(47): Drupal\page_cache\StackMiddleware\PageCache->handle(Object(Symfony\Component\HttpFoundation\Request), 1, true)
#9 /var/www/html/core/lib/Drupal/Core/StackMiddleware/NegotiationMiddleware.php(52): Drupal\Core\StackMiddleware\ReverseProxyMiddleware->handle(Object(Symfony\Component\HttpFoundation\Request), 1, true)
#10 /var/www/html/vendor/stack/builder/src/Stack/StackedHttpKernel.php(23): Drupal\Core\StackMiddleware\NegotiationMiddleware->handle(Object(Symfony\Component\HttpFoundation\Request), 1, true)
#11 /var/www/html/core/lib/Drupal/Core/DrupalKernel.php(693): Stack\StackedHttpKernel->handle(Object(Symfony\Component\HttpFoundation\Request), 1, true)
#12 /var/www/html/index.php(19): Drupal\Core\DrupalKernel->handle(Object(Symfony\Component\HttpFoundation\Request))
#13 {main}
[09-Aug-2019 21:16:44 Asia/Kolkata] Error: Class 'Drupal\devel\EventSubscriber\ErrorHandlerSubscriber' not found in /var/www/html/core/lib/Drupal/Component/DependencyInjection/Container.php on line 269 #0 /var/www/html/core/lib/Drupal/Component/DependencyInjection/Container.php(173): Drupal\Component\DependencyInjection\Container->createService(Array, 'devel.error_sub...')
#1 /var/www/html/core/lib/Drupal/Component/EventDispatcher/ContainerAwareEventDispatcher.php(105): Drupal\Component\DependencyInjection\Container->get('devel.error_sub...')
#2 /var/www/html/vendor/symfony/http-kernel/HttpKernel.php(127): Drupal\Component\EventDispatcher\ContainerAwareEventDispatcher->dispatch('kernel.request', Object(Symfony\Component\HttpKernel\Event\GetResponseEvent))
#3 /var/www/html/vendor/symfony/http-kernel/HttpKernel.php(68): Symfony\Component\HttpKernel\HttpKernel->handleRaw(Object(Symfony\Component\HttpFoundation\Request), 1)
#4 /var/www/html/core/lib/Drupal/Core/StackMiddleware/Session.php(57): Symfony\Component\HttpKernel\HttpKernel->handle(Object(Symfony\Component\HttpFoundation\Request), 1, true)
#5 /var/www/html/core/lib/Drupal/Core/StackMiddleware/KernelPreHandle.php(47): Drupal\Core\StackMiddleware\Session->handle(Object(Symfony\Component\HttpFoundation\Request), 1, true)
#6 /var/www/html/core/modules/page_cache/src/StackMiddleware/PageCache.php(106): Drupal\Core\StackMiddleware\KernelPreHandle->handle(Object(Symfony\Component\HttpFoundation\Request), 1, true)
#7 /var/www/html/core/modules/page_cache/src/StackMiddleware/PageCache.php(85): Drupal\page_cache\StackMiddleware\PageCache->pass(Object(Symfony\Component\HttpFoundation\Request), 1, true)
#8 /var/www/html/core/lib/Drupal/Core/StackMiddleware/ReverseProxyMiddleware.php(47): Drupal\page_cache\StackMiddleware\PageCache->handle(Object(Symfony\Component\HttpFoundation\Request), 1, true)
#9 /var/www/html/core/lib/Drupal/Core/StackMiddleware/NegotiationMiddleware.php(52): Drupal\Core\StackMiddleware\ReverseProxyMiddleware->handle(Object(Symfony\Component\HttpFoundation\Request), 1, true)
#10 /var/www/html/vendor/stack/builder/src/Stack/StackedHttpKernel.php(23): Drupal\Core\StackMiddleware\NegotiationMiddleware->handle(Object(Symfony\Component\HttpFoundation\Request), 1, true)
#11 /var/www/html/core/lib/Drupal/Core/DrupalKernel.php(693): Stack\StackedHttpKernel->handle(Object(Symfony\Component\HttpFoundation\Request), 1, true)
#12 /var/www/html/index.php(19): Drupal\Core\DrupalKernel->handle(Object(Symfony\Component\HttpFoundation\Request))
#13 {main}
[09-Aug-2019 21:16:47 Asia/Kolkata] Error: Class 'Drupal\devel\EventSubscriber\ErrorHandlerSubscriber' not found in /var/www/html/core/lib/Drupal/Component/DependencyInjection/Container.php on line 269 #0 /var/www/html/core/lib/Drupal/Component/DependencyInjection/Container.php(173): Drupal\Component\DependencyInjection\Container->createService(Array, 'devel.error_sub...')
#1 /var/www/html/core/lib/Drupal/Component/EventDispatcher/ContainerAwareEventDispatcher.php(105): Drupal\Component\DependencyInjection\Container->get('devel.error_sub...')
#2 /var/www/html/vendor/symfony/http-kernel/HttpKernel.php(127): Drupal\Component\EventDispatcher\ContainerAwareEventDispatcher->dispatch('kernel.request', Object(Symfony\Component\HttpKernel\Event\GetResponseEvent))
#3 /var/www/html/vendor/symfony/http-kernel/HttpKernel.php(68): Symfony\Component\HttpKernel\HttpKernel->handleRaw(Object(Symfony\Component\HttpFoundation\Request), 1)
#4 /var/www/html/core/lib/Drupal/Core/StackMiddleware/Session.php(57): Symfony\Component\HttpKernel\HttpKernel->handle(Object(Symfony\Component\HttpFoundation\Request), 1, true)
#5 /var/www/html/core/lib/Drupal/Core/StackMiddleware/KernelPreHandle.php(47): Drupal\Core\StackMiddleware\Session->handle(Object(Symfony\Component\HttpFoundation\Request), 1, true)
#6 /var/www/html/core/modules/page_cache/src/StackMiddleware/PageCache.php(106): Drupal\Core\StackMiddleware\KernelPreHandle->handle(Object(Symfony\Component\HttpFoundation\Request), 1, true)
#7 /var/www/html/core/modules/page_cache/src/StackMiddleware/PageCache.php(85): Drupal\page_cache\StackMiddleware\PageCache->pass(Object(Symfony\Component\HttpFoundation\Request), 1, true)
#8 /var/www/html/core/lib/Drupal/Core/StackMiddleware/ReverseProxyMiddleware.php(47): Drupal\page_cache\StackMiddleware\PageCache->handle(Object(Symfony\Component\HttpFoundation\Request), 1, true)
#9 /var/www/html/core/lib/Drupal/Core/StackMiddleware/NegotiationMiddleware.php(52): Drupal\Core\StackMiddleware\ReverseProxyMiddleware->handle(Object(Symfony\Component\HttpFoundation\Request), 1, true)
#10 /var/www/html/vendor/stack/builder/src/Stack/StackedHttpKernel.php(23): Drupal\Core\StackMiddleware\NegotiationMiddleware->handle(Object(Symfony\Component\HttpFoundation\Request), 1, true)
#11 /var/www/html/core/lib/Drupal/Core/DrupalKernel.php(693): Stack\StackedHttpKernel->handle(Object(Symfony\Component\HttpFoundation\Request), 1, true)
#12 /var/www/html/index.php(19): Drupal\Core\DrupalKernel->handle(Object(Symfony\Component\HttpFoundation\Request))
#13 {main}
[09-Aug-2019 21:16:49 Asia/Kolkata] Error: Class 'Drupal\devel\EventSubscriber\ErrorHandlerSubscriber' not found in /var/www/html/core/lib/Drupal/Component/DependencyInjection/Container.php on line 269 #0 /var/www/html/core/lib/Drupal/Component/DependencyInjection/Container.php(173): Drupal\Component\DependencyInjection\Container->createService(Array, 'devel.error_sub...')
#1 /var/www/html/core/lib/Drupal/Component/EventDispatcher/ContainerAwareEventDispatcher.php(105): Drupal\Component\DependencyInjection\Container->get('devel.error_sub...')
#2 /var/www/html/vendor/symfony/http-kernel/HttpKernel.php(127): Drupal\Component\EventDispatcher\ContainerAwareEventDispatcher->dispatch('kernel.request', Object(Symfony\Component\HttpKernel\Event\GetResponseEvent))
#3 /var/www/html/vendor/symfony/http-kernel/HttpKernel.php(68): Symfony\Component\HttpKernel\HttpKernel->handleRaw(Object(Symfony\Component\HttpFoundation\Request), 1)
#4 /var/www/html/core/lib/Drupal/Core/StackMiddleware/Session.php(57): Symfony\Component\HttpKernel\HttpKernel->handle(Object(Symfony\Component\HttpFoundation\Request), 1, true)
#5 /var/www/html/core/lib/Drupal/Core/StackMiddleware/KernelPreHandle.php(47): Drupal\Core\StackMiddleware\Session->handle(Object(Symfony\Component\HttpFoundation\Request), 1, true)
#6 /var/www/html/core/modules/page_cache/src/StackMiddleware/PageCache.php(106): Drupal\Core\StackMiddleware\KernelPreHandle->handle(Object(Symfony\Component\HttpFoundation\Request), 1, true)
#7 /var/www/html/core/modules/page_cache/src/StackMiddleware/PageCache.php(85): Drupal\page_cache\StackMiddleware\PageCache->pass(Object(Symfony\Component\HttpFoundation\Request), 1, true)
#8 /var/www/html/core/lib/Drupal/Core/StackMiddleware/ReverseProxyMiddleware.php(47): Drupal\page_cache\StackMiddleware\PageCache->handle(Object(Symfony\Component\HttpFoundation\Request), 1, true)
#9 /var/www/html/core/lib/Drupal/Core/StackMiddleware/NegotiationMiddleware.php(52): Drupal\Core\StackMiddleware\ReverseProxyMiddleware->handle(Object(Symfony\Component\HttpFoundation\Request), 1, true)
#10 /var/www/html/vendor/stack/builder/src/Stack/StackedHttpKernel.php(23): Drupal\Core\StackMiddleware\NegotiationMiddleware->handle(Object(Symfony\Component\HttpFoundation\Request), 1, true)
#11 /var/www/html/core/lib/Drupal/Core/DrupalKernel.php(693): Stack\StackedHttpKernel->handle(Object(Symfony\Component\HttpFoundation\Request), 1, true)
#12 /var/www/html/index.php(19): Drupal\Core\DrupalKernel->handle(Object(Symfony\Component\HttpFoundation\Request))
#13 {main}
[09-Aug-2019 21:16:52 Asia/Kolkata] Error: Class 'Drupal\devel\EventSubscriber\ErrorHandlerSubscriber' not found in /var/www/html/core/lib/Drupal/Component/DependencyInjection/Container.php on line 269 #0 /var/www/html/core/lib/Drupal/Component/DependencyInjection/Container.php(173): Drupal\Component\DependencyInjection\Container->createService(Array, 'devel.error_sub...')
#1 /var/www/html/core/lib/Drupal/Component/EventDispatcher/ContainerAwareEventDispatcher.php(105): Drupal\Component\DependencyInjection\Container->get('devel.error_sub...')
#2 /var/www/html/vendor/symfony/http-kernel/HttpKernel.php(127): Drupal\Component\EventDispatcher\ContainerAwareEventDispatcher->dispatch('kernel.request', Object(Symfony\Component\HttpKernel\Event\GetResponseEvent))
#3 /var/www/html/vendor/symfony/http-kernel/HttpKernel.php(68): Symfony\Component\HttpKernel\HttpKernel->handleRaw(Object(Symfony\Component\HttpFoundation\Request), 1)
#4 /var/www/html/core/lib/Drupal/Core/StackMiddleware/Session.php(57): Symfony\Component\HttpKernel\HttpKernel->handle(Object(Symfony\Component\HttpFoundation\Request), 1, true)
#5 /var/www/html/core/lib/Drupal/Core/StackMiddleware/KernelPreHandle.php(47): Drupal\Core\StackMiddleware\Session->handle(Object(Symfony\Component\HttpFoundation\Request), 1, true)
#6 /var/www/html/core/modules/page_cache/src/StackMiddleware/PageCache.php(106): Drupal\Core\StackMiddleware\KernelPreHandle->handle(Object(Symfony\Component\HttpFoundation\Request), 1, true)
#7 /var/www/html/core/modules/page_cache/src/StackMiddleware/PageCache.php(85): Drupal\page_cache\StackMiddleware\PageCache->pass(Object(Symfony\Component\HttpFoundation\Request), 1, true)
#8 /var/www/html/core/lib/Drupal/Core/StackMiddleware/ReverseProxyMiddleware.php(47): Drupal\page_cache\StackMiddleware\PageCache->handle(Object(Symfony\Component\HttpFoundation\Request), 1, true)
#9 /var/www/html/core/lib/Drupal/Core/StackMiddleware/NegotiationMiddleware.php(52): Drupal\Core\StackMiddleware\ReverseProxyMiddleware->handle(Object(Symfony\Component\HttpFoundation\Request), 1, true)
#10 /var/www/html/vendor/stack/builder/src/Stack/StackedHttpKernel.php(23): Drupal\Core\StackMiddleware\NegotiationMiddleware->handle(Object(Symfony\Component\HttpFoundation\Request), 1, true)
#11 /var/www/html/core/lib/Drupal/Core/DrupalKernel.php(693): Stack\StackedHttpKernel->handle(Object(Symfony\Component\HttpFoundation\Request), 1, true)
#12 /var/www/html/index.php(19): Drupal\Core\DrupalKernel->handle(Object(Symfony\Component\HttpFoundation\Request))
#13 {main}
[09-Aug-2019 21:16:56 Asia/Kolkata] Error: Class 'Drupal\devel\EventSubscriber\ErrorHandlerSubscriber' not found in /var/www/html/core/lib/Drupal/Component/DependencyInjection/Container.php on line 269 #0 /var/www/html/core/lib/Drupal/Component/DependencyInjection/Container.php(173): Drupal\Component\DependencyInjection\Container->createService(Array, 'devel.error_sub...')
#1 /var/www/html/core/lib/Drupal/Component/EventDispatcher/ContainerAwareEventDispatcher.php(105): Drupal\Component\DependencyInjection\Container->get('devel.error_sub...')
#2 /var/www/html/vendor/symfony/http-kernel/HttpKernel.php(127): Drupal\Component\EventDispatcher\ContainerAwareEventDispatcher->dispatch('kernel.request', Object(Symfony\Component\HttpKernel\Event\GetResponseEvent))
#3 /var/www/html/vendor/symfony/http-kernel/HttpKernel.php(68): Symfony\Component\HttpKernel\HttpKernel->handleRaw(Object(Symfony\Component\HttpFoundation\Request), 1)
#4 /var/www/html/core/lib/Drupal/Core/StackMiddleware/Session.php(57): Symfony\Component\HttpKernel\HttpKernel->handle(Object(Symfony\Component\HttpFoundation\Request), 1, true)
#5 /var/www/html/core/lib/Drupal/Core/StackMiddleware/KernelPreHandle.php(47): Drupal\Core\StackMiddleware\Session->handle(Object(Symfony\Component\HttpFoundation\Request), 1, true)
#6 /var/www/html/core/modules/page_cache/src/StackMiddleware/PageCache.php(106): Drupal\Core\StackMiddleware\KernelPreHandle->handle(Object(Symfony\Component\HttpFoundation\Request), 1, true)
#7 /var/www/html/core/modules/page_cache/src/StackMiddleware/PageCache.php(85): Drupal\page_cache\StackMiddleware\PageCache->pass(Object(Symfony\Component\HttpFoundation\Request), 1, true)
#8 /var/www/html/core/lib/Drupal/Core/StackMiddleware/ReverseProxyMiddleware.php(47): Drupal\page_cache\StackMiddleware\PageCache->handle(Object(Symfony\Component\HttpFoundation\Request), 1, true)
#9 /var/www/html/core/lib/Drupal/Core/StackMiddleware/NegotiationMiddleware.php(52): Drupal\Core\StackMiddleware\ReverseProxyMiddleware->handle(Object(Symfony\Component\HttpFoundation\Request), 1, true)
#10 /var/www/html/vendor/stack/builder/src/Stack/StackedHttpKernel.php(23): Drupal\Core\StackMiddleware\NegotiationMiddleware->handle(Object(Symfony\Component\HttpFoundation\Request), 1, true)
#11 /var/www/html/core/lib/Drupal/Core/DrupalKernel.php(693): Stack\StackedHttpKernel->handle(Object(Symfony\Component\HttpFoundation\Request), 1, true)
#12 /var/www/html/index.php(19): Drupal\Core\DrupalKernel->handle(Object(Symfony\Component\HttpFoundation\Request))
#13 {main}
[09-Aug-2019 21:36:12 Asia/Kolkata] Error: Class 'Drupal\devel\EventSubscriber\ErrorHandlerSubscriber' not found in /var/www/html/core/lib/Drupal/Component/DependencyInjection/Container.php on line 269 #0 /var/www/html/core/lib/Drupal/Component/DependencyInjection/Container.php(173): Drupal\Component\DependencyInjection\Container->createService(Array, 'devel.error_sub...')
#1 /var/www/html/core/lib/Drupal/Component/EventDispatcher/ContainerAwareEventDispatcher.php(105): Drupal\Component\DependencyInjection\Container->get('devel.error_sub...')
#2 /var/www/html/vendor/symfony/http-kernel/HttpKernel.php(127): Drupal\Component\EventDispatcher\ContainerAwareEventDispatcher->dispatch('kernel.request', Object(Symfony\Component\HttpKernel\Event\GetResponseEvent))
#3 /var/www/html/vendor/symfony/http-kernel/HttpKernel.php(68): Symfony\Component\HttpKernel\HttpKernel->handleRaw(Object(Symfony\Component\HttpFoundation\Request), 1)
#4 /var/www/html/core/lib/Drupal/Core/StackMiddleware/Session.php(57): Symfony\Component\HttpKernel\HttpKernel->handle(Object(Symfony\Component\HttpFoundation\Request), 1, true)
#5 /var/www/html/core/lib/Drupal/Core/StackMiddleware/KernelPreHandle.php(47): Drupal\Core\StackMiddleware\Session->handle(Object(Symfony\Component\HttpFoundation\Request), 1, true)
#6 /var/www/html/core/modules/page_cache/src/StackMiddleware/PageCache.php(106): Drupal\Core\StackMiddleware\KernelPreHandle->handle(Object(Symfony\Component\HttpFoundation\Request), 1, true)
#7 /var/www/html/core/modules/page_cache/src/StackMiddleware/PageCache.php(85): Drupal\page_cache\StackMiddleware\PageCache->pass(Object(Symfony\Component\HttpFoundation\Request), 1, true)
#8 /var/www/html/core/lib/Drupal/Core/StackMiddleware/ReverseProxyMiddleware.php(47): Drupal\page_cache\StackMiddleware\PageCache->handle(Object(Symfony\Component\HttpFoundation\Request), 1, true)
#9 /var/www/html/core/lib/Drupal/Core/StackMiddleware/NegotiationMiddleware.php(52): Drupal\Core\StackMiddleware\ReverseProxyMiddleware->handle(Object(Symfony\Component\HttpFoundation\Request), 1, true)
#10 /var/www/html/vendor/stack/builder/src/Stack/StackedHttpKernel.php(23): Drupal\Core\StackMiddleware\NegotiationMiddleware->handle(Object(Symfony\Component\HttpFoundation\Request), 1, true)
#11 /var/www/html/core/lib/Drupal/Core/DrupalKernel.php(693): Stack\StackedHttpKernel->handle(Object(Symfony\Component\HttpFoundation\Request), 1, true)
#12 /var/www/html/index.php(19): Drupal\Core\DrupalKernel->handle(Object(Symfony\Component\HttpFoundation\Request))
#13 {main}
[10-Aug-2019 00:16:57 Asia/Kolkata] Error: Class 'Drupal\devel\EventSubscriber\ErrorHandlerSubscriber' not found in /var/www/html/core/lib/Drupal/Component/DependencyInjection/Container.php on line 269 #0 /var/www/html/core/lib/Drupal/Component/DependencyInjection/Container.php(173): Drupal\Component\DependencyInjection\Container->createService(Array, 'devel.error_sub...')
#1 /var/www/html/core/lib/Drupal/Component/EventDispatcher/ContainerAwareEventDispatcher.php(105): Drupal\Component\DependencyInjection\Container->get('devel.error_sub...')
#2 /var/www/html/vendor/symfony/http-kernel/HttpKernel.php(127): Drupal\Component\EventDispatcher\ContainerAwareEventDispatcher->dispatch('kernel.request', Object(Symfony\Component\HttpKernel\Event\GetResponseEvent))
#3 /var/www/html/vendor/symfony/http-kernel/HttpKernel.php(68): Symfony\Component\HttpKernel\HttpKernel->handleRaw(Object(Symfony\Component\HttpFoundation\Request), 1)
#4 /var/www/html/core/lib/Drupal/Core/StackMiddleware/Session.php(57): Symfony\Component\HttpKernel\HttpKernel->handle(Object(Symfony\Component\HttpFoundation\Request), 1, true)
#5 /var/www/html/core/lib/Drupal/Core/StackMiddleware/KernelPreHandle.php(47): Drupal\Core\StackMiddleware\Session->handle(Object(Symfony\Component\HttpFoundation\Request), 1, true)
#6 /var/www/html/core/modules/page_cache/src/StackMiddleware/PageCache.php(106): Drupal\Core\StackMiddleware\KernelPreHandle->handle(Object(Symfony\Component\HttpFoundation\Request), 1, true)
#7 /var/www/html/core/modules/page_cache/src/StackMiddleware/PageCache.php(85): Drupal\page_cache\StackMiddleware\PageCache->pass(Object(Symfony\Component\HttpFoundation\Request), 1, true)
#8 /var/www/html/core/lib/Drupal/Core/StackMiddleware/ReverseProxyMiddleware.php(47): Drupal\page_cache\StackMiddleware\PageCache->handle(Object(Symfony\Component\HttpFoundation\Request), 1, true)
#9 /var/www/html/core/lib/Drupal/Core/StackMiddleware/NegotiationMiddleware.php(52): Drupal\Core\StackMiddleware\ReverseProxyMiddleware->handle(Object(Symfony\Component\HttpFoundation\Request), 1, true)
#10 /var/www/html/vendor/stack/builder/src/Stack/StackedHttpKernel.php(23): Drupal\Core\StackMiddleware\NegotiationMiddleware->handle(Object(Symfony\Component\HttpFoundation\Request), 1, true)
#11 /var/www/html/core/lib/Drupal/Core/DrupalKernel.php(693): Stack\StackedHttpKernel->handle(Object(Symfony\Component\HttpFoundation\Request), 1, true)
#12 /var/www/html/index.php(19): Drupal\Core\DrupalKernel->handle(Object(Symfony\Component\HttpFoundation\Request))
#13 {main}
[10-Aug-2019 00:32:17 Asia/Kolkata] Uncaught PHP Exception RuntimeException: "Unable to determine class for field type 'entity_reference_revisions' found in the 'field.storage.node.field_paragraphs' configuration" at /var/www/html/core/modules/field/src/FieldStorageConfigStorage.php line 164
[10-Aug-2019 00:32:53 Asia/Kolkata] Uncaught PHP Exception RuntimeException: "Unable to determine class for field type 'entity_reference_revisions' found in the 'field.storage.node.field_paragraphs' configuration" at /var/www/html/core/modules/field/src/FieldStorageConfigStorage.php line 164
[10-Aug-2019 00:35:52 Asia/Kolkata] Uncaught PHP Exception RuntimeException: "Unable to determine class for field type 'entity_reference_revisions' found in the 'field.storage.node.field_paragraphs' configuration" at /var/www/html/core/modules/field/src/FieldStorageConfigStorage.php line 164
[10-Aug-2019 00:44:45 Asia/Kolkata] Uncaught PHP Exception RuntimeException: "Unable to determine class for field type 'entity_reference_revisions' found in the 'field.storage.node.field_paragraphs' configuration" at /var/www/html/core/modules/field/src/FieldStorageConfigStorage.php line 164
